<?xml version="1.0" encoding="UTF-8"?>
<!-- Generated by org.testng.reporters.JUnitReportReporter -->
<testsuite hostname="STFSANN006052-L" failures="0" tests="1" name="testcase.LoginTests" time="8.428" errors="0" timestamp="2023-10-26T07:09:30 BRT" skipped="0">
  <testcase classname="testcase.LoginTests" name="LoginTest" time="8.428"/>
</testsuite> <!-- testcase.LoginTests -->
